<?xml version="1.0" encoding="UTF-8"?>
<testsuite xmlns:xsi="http://www.w3.org/2001/XMLSchema-instance" xsi:noNamespaceSchemaLocation="https://maven.apache.org/surefire/maven-surefire-plugin/xsd/surefire-test-report-3.0.xsd" version="3.0" name="br.com.pedro.dev.ariesapiproducts.repositories.ProductRepositoryTest" time="11.084" tests="9" errors="0" skipped="0" failures="0">
  <properties>
    <property name="java.specification.version" value="17"/>
    <property name="sun.jnu.encoding" value="UTF-8"/>
    <property name="java.class.path" value="/home/pedro/Sekunds/aries-api-products/target/test-classes:/home/pedro/Sekunds/aries-api-products/target/classes:/home/pedro/.m2/repository/org/springframework/boot/spring-boot-starter-data-jpa/3.1.2/spring-boot-starter-data-jpa-3.1.2.jar:/home/pedro/.m2/repository/org/springframework/boot/spring-boot-starter-aop/3.1.2/spring-boot-starter-aop-3.1.2.jar:/home/pedro/.m2/repository/org/springframework/spring-aop/6.0.11/spring-aop-6.0.11.jar:/home/pedro/.m2/repository/org/aspectj/aspectjweaver/1.9.19/aspectjweaver-1.9.19.jar:/home/pedro/.m2/repository/org/springframework/boot/spring-boot-starter-jdbc/3.1.2/spring-boot-starter-jdbc-3.1.2.jar:/home/pedro/.m2/repository/com/zaxxer/HikariCP/5.0.1/HikariCP-5.0.1.jar:/home/pedro/.m2/repository/org/springframework/spring-jdbc/6.0.11/spring-jdbc-6.0.11.jar:/home/pedro/.m2/repository/org/hibernate/orm/hibernate-core/6.2.6.Final/hibernate-core-6.2.6.Final.jar:/home/pedro/.m2/repository/jakarta/persistence/jakarta.persistence-api/3.1.0/jakarta.persistence-api-3.1.0.jar:/home/pedro/.m2/repository/jakarta/transaction/jakarta.transaction-api/2.0.1/jakarta.transaction-api-2.0.1.jar:/home/pedro/.m2/repository/org/jboss/logging/jboss-logging/3.5.3.Final/jboss-logging-3.5.3.Final.jar:/home/pedro/.m2/repository/org/hibernate/common/hibernate-commons-annotations/6.0.6.Final/hibernate-commons-annotations-6.0.6.Final.jar:/home/pedro/.m2/repository/io/smallrye/jandex/3.0.5/jandex-3.0.5.jar:/home/pedro/.m2/repository/com/fasterxml/classmate/1.5.1/classmate-1.5.1.jar:/home/pedro/.m2/repository/net/bytebuddy/byte-buddy/1.14.5/byte-buddy-1.14.5.jar:/home/pedro/.m2/repository/org/glassfish/jaxb/jaxb-runtime/4.0.3/jaxb-runtime-4.0.3.jar:/home/pedro/.m2/repository/org/glassfish/jaxb/jaxb-core/4.0.3/jaxb-core-4.0.3.jar:/home/pedro/.m2/repository/org/eclipse/angus/angus-activation/2.0.1/angus-activation-2.0.1.jar:/home/pedro/.m2/repository/org/glassfish/jaxb/txw2/4.0.3/txw2-4.0.3.jar:/home/pedro/.m2/repository/com/sun/istack/istack-commons-runtime/4.1.2/istack-commons-runtime-4.1.2.jar:/home/pedro/.m2/repository/jakarta/inject/jakarta.inject-api/2.0.1/jakarta.inject-api-2.0.1.jar:/home/pedro/.m2/repository/org/antlr/antlr4-runtime/4.10.1/antlr4-runtime-4.10.1.jar:/home/pedro/.m2/repository/org/springframework/data/spring-data-jpa/3.1.2/spring-data-jpa-3.1.2.jar:/home/pedro/.m2/repository/org/springframework/data/spring-data-commons/3.1.2/spring-data-commons-3.1.2.jar:/home/pedro/.m2/repository/org/springframework/spring-orm/6.0.11/spring-orm-6.0.11.jar:/home/pedro/.m2/repository/org/springframework/spring-context/6.0.11/spring-context-6.0.11.jar:/home/pedro/.m2/repository/org/springframework/spring-tx/6.0.11/spring-tx-6.0.11.jar:/home/pedro/.m2/repository/org/springframework/spring-beans/6.0.11/spring-beans-6.0.11.jar:/home/pedro/.m2/repository/jakarta/annotation/jakarta.annotation-api/2.1.1/jakarta.annotation-api-2.1.1.jar:/home/pedro/.m2/repository/org/springframework/spring-aspects/6.0.11/spring-aspects-6.0.11.jar:/home/pedro/.m2/repository/org/springframework/boot/spring-boot-starter-web/3.1.2/spring-boot-starter-web-3.1.2.jar:/home/pedro/.m2/repository/org/springframework/boot/spring-boot-starter/3.1.2/spring-boot-starter-3.1.2.jar:/home/pedro/.m2/repository/org/springframework/boot/spring-boot/3.1.2/spring-boot-3.1.2.jar:/home/pedro/.m2/repository/org/springframework/boot/spring-boot-autoconfigure/3.1.2/spring-boot-autoconfigure-3.1.2.jar:/home/pedro/.m2/repository/org/springframework/boot/spring-boot-starter-logging/3.1.2/spring-boot-starter-logging-3.1.2.jar:/home/pedro/.m2/repository/ch/qos/logback/logback-classic/1.4.8/logback-classic-1.4.8.jar:/home/pedro/.m2/repository/ch/qos/logback/logback-core/1.4.8/logback-core-1.4.8.jar:/home/pedro/.m2/repository/org/apache/logging/log4j/log4j-to-slf4j/2.20.0/log4j-to-slf4j-2.20.0.jar:/home/pedro/.m2/repository/org/apache/logging/log4j/log4j-api/2.20.0/log4j-api-2.20.0.jar:/home/pedro/.m2/repository/org/slf4j/jul-to-slf4j/2.0.7/jul-to-slf4j-2.0.7.jar:/home/pedro/.m2/repository/org/yaml/snakeyaml/1.33/snakeyaml-1.33.jar:/home/pedro/.m2/repository/org/springframework/boot/spring-boot-starter-json/3.1.2/spring-boot-starter-json-3.1.2.jar:/home/pedro/.m2/repository/com/fasterxml/jackson/core/jackson-databind/2.15.2/jackson-databind-2.15.2.jar:/home/pedro/.m2/repository/com/fasterxml/jackson/core/jackson-core/2.15.2/jackson-core-2.15.2.jar:/home/pedro/.m2/repository/com/fasterxml/jackson/datatype/jackson-datatype-jdk8/2.15.2/jackson-datatype-jdk8-2.15.2.jar:/home/pedro/.m2/repository/com/fasterxml/jackson/datatype/jackson-datatype-jsr310/2.15.2/jackson-datatype-jsr310-2.15.2.jar:/home/pedro/.m2/repository/com/fasterxml/jackson/module/jackson-module-parameter-names/2.15.2/jackson-module-parameter-names-2.15.2.jar:/home/pedro/.m2/repository/org/springframework/boot/spring-boot-starter-tomcat/3.1.2/spring-boot-starter-tomcat-3.1.2.jar:/home/pedro/.m2/repository/org/apache/tomcat/embed/tomcat-embed-core/10.1.11/tomcat-embed-core-10.1.11.jar:/home/pedro/.m2/repository/org/apache/tomcat/embed/tomcat-embed-websocket/10.1.11/tomcat-embed-websocket-10.1.11.jar:/home/pedro/.m2/repository/org/springframework/spring-web/6.0.11/spring-web-6.0.11.jar:/home/pedro/.m2/repository/io/micrometer/micrometer-observation/1.11.2/micrometer-observation-1.11.2.jar:/home/pedro/.m2/repository/io/micrometer/micrometer-commons/1.11.2/micrometer-commons-1.11.2.jar:/home/pedro/.m2/repository/org/springframework/spring-webmvc/6.0.11/spring-webmvc-6.0.11.jar:/home/pedro/.m2/repository/org/springframework/spring-expression/6.0.11/spring-expression-6.0.11.jar:/home/pedro/.m2/repository/com/mysql/mysql-connector-j/8.0.33/mysql-connector-j-8.0.33.jar:/home/pedro/.m2/repository/org/springframework/boot/spring-boot-starter-validation/3.1.2/spring-boot-starter-validation-3.1.2.jar:/home/pedro/.m2/repository/org/apache/tomcat/embed/tomcat-embed-el/10.1.11/tomcat-embed-el-10.1.11.jar:/home/pedro/.m2/repository/org/hibernate/validator/hibernate-validator/8.0.1.Final/hibernate-validator-8.0.1.Final.jar:/home/pedro/.m2/repository/jakarta/validation/jakarta.validation-api/3.0.2/jakarta.validation-api-3.0.2.jar:/home/pedro/.m2/repository/org/projectlombok/lombok/1.18.28/lombok-1.18.28.jar:/home/pedro/.m2/repository/org/springframework/boot/spring-boot-starter-test/3.1.2/spring-boot-starter-test-3.1.2.jar:/home/pedro/.m2/repository/org/springframework/boot/spring-boot-test/3.1.2/spring-boot-test-3.1.2.jar:/home/pedro/.m2/repository/org/springframework/boot/spring-boot-test-autoconfigure/3.1.2/spring-boot-test-autoconfigure-3.1.2.jar:/home/pedro/.m2/repository/com/jayway/jsonpath/json-path/2.8.0/json-path-2.8.0.jar:/home/pedro/.m2/repository/jakarta/xml/bind/jakarta.xml.bind-api/4.0.0/jakarta.xml.bind-api-4.0.0.jar:/home/pedro/.m2/repository/jakarta/activation/jakarta.activation-api/2.1.2/jakarta.activation-api-2.1.2.jar:/home/pedro/.m2/repository/net/minidev/json-smart/2.4.11/json-smart-2.4.11.jar:/home/pedro/.m2/repository/net/minidev/accessors-smart/2.4.11/accessors-smart-2.4.11.jar:/home/pedro/.m2/repository/org/ow2/asm/asm/9.3/asm-9.3.jar:/home/pedro/.m2/repository/org/assertj/assertj-core/3.24.2/assertj-core-3.24.2.jar:/home/pedro/.m2/repository/org/hamcrest/hamcrest/2.2/hamcrest-2.2.jar:/home/pedro/.m2/repository/org/junit/jupiter/junit-jupiter/5.9.3/junit-jupiter-5.9.3.jar:/home/pedro/.m2/repository/org/junit/jupiter/junit-jupiter-api/5.9.3/junit-jupiter-api-5.9.3.jar:/home/pedro/.m2/repository/org/opentest4j/opentest4j/1.2.0/opentest4j-1.2.0.jar:/home/pedro/.m2/repository/org/junit/platform/junit-platform-commons/1.9.3/junit-platform-commons-1.9.3.jar:/home/pedro/.m2/repository/org/apiguardian/apiguardian-api/1.1.2/apiguardian-api-1.1.2.jar:/home/pedro/.m2/repository/org/junit/jupiter/junit-jupiter-params/5.9.3/junit-jupiter-params-5.9.3.jar:/home/pedro/.m2/repository/org/junit/jupiter/junit-jupiter-engine/5.9.3/junit-jupiter-engine-5.9.3.jar:/home/pedro/.m2/repository/org/junit/platform/junit-platform-engine/1.9.3/junit-platform-engine-1.9.3.jar:/home/pedro/.m2/repository/org/mockito/mockito-core/5.3.1/mockito-core-5.3.1.jar:/home/pedro/.m2/repository/net/bytebuddy/byte-buddy-agent/1.14.5/byte-buddy-agent-1.14.5.jar:/home/pedro/.m2/repository/org/objenesis/objenesis/3.3/objenesis-3.3.jar:/home/pedro/.m2/repository/org/mockito/mockito-junit-jupiter/5.3.1/mockito-junit-jupiter-5.3.1.jar:/home/pedro/.m2/repository/org/skyscreamer/jsonassert/1.5.1/jsonassert-1.5.1.jar:/home/pedro/.m2/repository/com/vaadin/external/google/android-json/0.0.20131108.vaadin1/android-json-0.0.20131108.vaadin1.jar:/home/pedro/.m2/repository/org/springframework/spring-core/6.0.11/spring-core-6.0.11.jar:/home/pedro/.m2/repository/org/springframework/spring-jcl/6.0.11/spring-jcl-6.0.11.jar:/home/pedro/.m2/repository/org/springframework/spring-test/6.0.11/spring-test-6.0.11.jar:/home/pedro/.m2/repository/org/xmlunit/xmlunit-core/2.9.1/xmlunit-core-2.9.1.jar:/home/pedro/.m2/repository/com/querydsl/querydsl-apt/5.0.0/querydsl-apt-5.0.0-jakarta.jar:/home/pedro/.m2/repository/com/querydsl/querydsl-codegen/5.0.0/querydsl-codegen-5.0.0.jar:/home/pedro/.m2/repository/com/querydsl/codegen-utils/5.0.0/codegen-utils-5.0.0.jar:/home/pedro/.m2/repository/org/eclipse/jdt/ecj/3.26.0/ecj-3.26.0.jar:/home/pedro/.m2/repository/javax/inject/javax.inject/1/javax.inject-1.jar:/home/pedro/.m2/repository/io/github/classgraph/classgraph/4.8.108/classgraph-4.8.108.jar:/home/pedro/.m2/repository/com/querydsl/querydsl-jpa/5.0.0/querydsl-jpa-5.0.0-jakarta.jar:/home/pedro/.m2/repository/com/querydsl/querydsl-core/5.0.0/querydsl-core-5.0.0.jar:/home/pedro/.m2/repository/com/mysema/commons/mysema-commons-lang/0.2.4/mysema-commons-lang-0.2.4.jar:/home/pedro/.m2/repository/org/mapstruct/mapstruct/1.5.5.Final/mapstruct-1.5.5.Final.jar:/home/pedro/.m2/repository/org/testcontainers/testcontainers/1.18.1/testcontainers-1.18.1.jar:/home/pedro/.m2/repository/junit/junit/4.13.2/junit-4.13.2.jar:/home/pedro/.m2/repository/org/hamcrest/hamcrest-core/2.2/hamcrest-core-2.2.jar:/home/pedro/.m2/repository/org/slf4j/slf4j-api/2.0.7/slf4j-api-2.0.7.jar:/home/pedro/.m2/repository/org/apache/commons/commons-compress/1.23.0/commons-compress-1.23.0.jar:/home/pedro/.m2/repository/org/rnorth/duct-tape/duct-tape/1.0.8/duct-tape-1.0.8.jar:/home/pedro/.m2/repository/org/jetbrains/annotations/17.0.0/annotations-17.0.0.jar:/home/pedro/.m2/repository/com/github/docker-java/docker-java-api/3.3.0/docker-java-api-3.3.0.jar:/home/pedro/.m2/repository/com/fasterxml/jackson/core/jackson-annotations/2.15.2/jackson-annotations-2.15.2.jar:/home/pedro/.m2/repository/com/github/docker-java/docker-java-transport-zerodep/3.3.0/docker-java-transport-zerodep-3.3.0.jar:/home/pedro/.m2/repository/com/github/docker-java/docker-java-transport/3.3.0/docker-java-transport-3.3.0.jar:/home/pedro/.m2/repository/net/java/dev/jna/jna/5.12.1/jna-5.12.1.jar:/home/pedro/.m2/repository/org/testcontainers/mysql/1.18.1/mysql-1.18.1.jar:/home/pedro/.m2/repository/org/testcontainers/jdbc/1.18.3/jdbc-1.18.3.jar:/home/pedro/.m2/repository/org/testcontainers/database-commons/1.18.3/database-commons-1.18.3.jar:/home/pedro/.m2/repository/org/testcontainers/junit-jupiter/1.18.1/junit-jupiter-1.18.1.jar:"/>
    <property name="java.vm.vendor" value="Private Build"/>
    <property name="sun.arch.data.model" value="64"/>
    <property name="catalina.useNaming" value="false"/>
    <property name="java.vendor.url" value="Unknown"/>
    <property name="user.timezone" value="America/Fortaleza"/>
    <property name="org.jboss.logging.provider" value="slf4j"/>
    <property name="os.name" value="Linux"/>
    <property name="java.vm.specification.version" value="17"/>
    <property name="sun.java.launcher" value="SUN_STANDARD"/>
    <property name="user.country" value="BR"/>
    <property name="sun.boot.library.path" value="/usr/lib/jvm/java-17-openjdk-amd64/lib"/>
    <property name="sun.java.command" value="/home/pedro/Sekunds/aries-api-products/target/surefire/surefirebooter-20230821212326231_3.jar /home/pedro/Sekunds/aries-api-products/target/surefire 2023-08-21T21-23-26_165-jvmRun1 surefire-20230821212326231_1tmp surefire_0-20230821212326231_2tmp"/>
    <property name="jdk.debug" value="release"/>
    <property name="surefire.test.class.path" value="/home/pedro/Sekunds/aries-api-products/target/test-classes:/home/pedro/Sekunds/aries-api-products/target/classes:/home/pedro/.m2/repository/org/springframework/boot/spring-boot-starter-data-jpa/3.1.2/spring-boot-starter-data-jpa-3.1.2.jar:/home/pedro/.m2/repository/org/springframework/boot/spring-boot-starter-aop/3.1.2/spring-boot-starter-aop-3.1.2.jar:/home/pedro/.m2/repository/org/springframework/spring-aop/6.0.11/spring-aop-6.0.11.jar:/home/pedro/.m2/repository/org/aspectj/aspectjweaver/1.9.19/aspectjweaver-1.9.19.jar:/home/pedro/.m2/repository/org/springframework/boot/spring-boot-starter-jdbc/3.1.2/spring-boot-starter-jdbc-3.1.2.jar:/home/pedro/.m2/repository/com/zaxxer/HikariCP/5.0.1/HikariCP-5.0.1.jar:/home/pedro/.m2/repository/org/springframework/spring-jdbc/6.0.11/spring-jdbc-6.0.11.jar:/home/pedro/.m2/repository/org/hibernate/orm/hibernate-core/6.2.6.Final/hibernate-core-6.2.6.Final.jar:/home/pedro/.m2/repository/jakarta/persistence/jakarta.persistence-api/3.1.0/jakarta.persistence-api-3.1.0.jar:/home/pedro/.m2/repository/jakarta/transaction/jakarta.transaction-api/2.0.1/jakarta.transaction-api-2.0.1.jar:/home/pedro/.m2/repository/org/jboss/logging/jboss-logging/3.5.3.Final/jboss-logging-3.5.3.Final.jar:/home/pedro/.m2/repository/org/hibernate/common/hibernate-commons-annotations/6.0.6.Final/hibernate-commons-annotations-6.0.6.Final.jar:/home/pedro/.m2/repository/io/smallrye/jandex/3.0.5/jandex-3.0.5.jar:/home/pedro/.m2/repository/com/fasterxml/classmate/1.5.1/classmate-1.5.1.jar:/home/pedro/.m2/repository/net/bytebuddy/byte-buddy/1.14.5/byte-buddy-1.14.5.jar:/home/pedro/.m2/repository/org/glassfish/jaxb/jaxb-runtime/4.0.3/jaxb-runtime-4.0.3.jar:/home/pedro/.m2/repository/org/glassfish/jaxb/jaxb-core/4.0.3/jaxb-core-4.0.3.jar:/home/pedro/.m2/repository/org/eclipse/angus/angus-activation/2.0.1/angus-activation-2.0.1.jar:/home/pedro/.m2/repository/org/glassfish/jaxb/txw2/4.0.3/txw2-4.0.3.jar:/home/pedro/.m2/repository/com/sun/istack/istack-commons-runtime/4.1.2/istack-commons-runtime-4.1.2.jar:/home/pedro/.m2/repository/jakarta/inject/jakarta.inject-api/2.0.1/jakarta.inject-api-2.0.1.jar:/home/pedro/.m2/repository/org/antlr/antlr4-runtime/4.10.1/antlr4-runtime-4.10.1.jar:/home/pedro/.m2/repository/org/springframework/data/spring-data-jpa/3.1.2/spring-data-jpa-3.1.2.jar:/home/pedro/.m2/repository/org/springframework/data/spring-data-commons/3.1.2/spring-data-commons-3.1.2.jar:/home/pedro/.m2/repository/org/springframework/spring-orm/6.0.11/spring-orm-6.0.11.jar:/home/pedro/.m2/repository/org/springframework/spring-context/6.0.11/spring-context-6.0.11.jar:/home/pedro/.m2/repository/org/springframework/spring-tx/6.0.11/spring-tx-6.0.11.jar:/home/pedro/.m2/repository/org/springframework/spring-beans/6.0.11/spring-beans-6.0.11.jar:/home/pedro/.m2/repository/jakarta/annotation/jakarta.annotation-api/2.1.1/jakarta.annotation-api-2.1.1.jar:/home/pedro/.m2/repository/org/springframework/spring-aspects/6.0.11/spring-aspects-6.0.11.jar:/home/pedro/.m2/repository/org/springframework/boot/spring-boot-starter-web/3.1.2/spring-boot-starter-web-3.1.2.jar:/home/pedro/.m2/repository/org/springframework/boot/spring-boot-starter/3.1.2/spring-boot-starter-3.1.2.jar:/home/pedro/.m2/repository/org/springframework/boot/spring-boot/3.1.2/spring-boot-3.1.2.jar:/home/pedro/.m2/repository/org/springframework/boot/spring-boot-autoconfigure/3.1.2/spring-boot-autoconfigure-3.1.2.jar:/home/pedro/.m2/repository/org/springframework/boot/spring-boot-starter-logging/3.1.2/spring-boot-starter-logging-3.1.2.jar:/home/pedro/.m2/repository/ch/qos/logback/logback-classic/1.4.8/logback-classic-1.4.8.jar:/home/pedro/.m2/repository/ch/qos/logback/logback-core/1.4.8/logback-core-1.4.8.jar:/home/pedro/.m2/repository/org/apache/logging/log4j/log4j-to-slf4j/2.20.0/log4j-to-slf4j-2.20.0.jar:/home/pedro/.m2/repository/org/apache/logging/log4j/log4j-api/2.20.0/log4j-api-2.20.0.jar:/home/pedro/.m2/repository/org/slf4j/jul-to-slf4j/2.0.7/jul-to-slf4j-2.0.7.jar:/home/pedro/.m2/repository/org/yaml/snakeyaml/1.33/snakeyaml-1.33.jar:/home/pedro/.m2/repository/org/springframework/boot/spring-boot-starter-json/3.1.2/spring-boot-starter-json-3.1.2.jar:/home/pedro/.m2/repository/com/fasterxml/jackson/core/jackson-databind/2.15.2/jackson-databind-2.15.2.jar:/home/pedro/.m2/repository/com/fasterxml/jackson/core/jackson-core/2.15.2/jackson-core-2.15.2.jar:/home/pedro/.m2/repository/com/fasterxml/jackson/datatype/jackson-datatype-jdk8/2.15.2/jackson-datatype-jdk8-2.15.2.jar:/home/pedro/.m2/repository/com/fasterxml/jackson/datatype/jackson-datatype-jsr310/2.15.2/jackson-datatype-jsr310-2.15.2.jar:/home/pedro/.m2/repository/com/fasterxml/jackson/module/jackson-module-parameter-names/2.15.2/jackson-module-parameter-names-2.15.2.jar:/home/pedro/.m2/repository/org/springframework/boot/spring-boot-starter-tomcat/3.1.2/spring-boot-starter-tomcat-3.1.2.jar:/home/pedro/.m2/repository/org/apache/tomcat/embed/tomcat-embed-core/10.1.11/tomcat-embed-core-10.1.11.jar:/home/pedro/.m2/repository/org/apache/tomcat/embed/tomcat-embed-websocket/10.1.11/tomcat-embed-websocket-10.1.11.jar:/home/pedro/.m2/repository/org/springframework/spring-web/6.0.11/spring-web-6.0.11.jar:/home/pedro/.m2/repository/io/micrometer/micrometer-observation/1.11.2/micrometer-observation-1.11.2.jar:/home/pedro/.m2/repository/io/micrometer/micrometer-commons/1.11.2/micrometer-commons-1.11.2.jar:/home/pedro/.m2/repository/org/springframework/spring-webmvc/6.0.11/spring-webmvc-6.0.11.jar:/home/pedro/.m2/repository/org/springframework/spring-expression/6.0.11/spring-expression-6.0.11.jar:/home/pedro/.m2/repository/com/mysql/mysql-connector-j/8.0.33/mysql-connector-j-8.0.33.jar:/home/pedro/.m2/repository/org/springframework/boot/spring-boot-starter-validation/3.1.2/spring-boot-starter-validation-3.1.2.jar:/home/pedro/.m2/repository/org/apache/tomcat/embed/tomcat-embed-el/10.1.11/tomcat-embed-el-10.1.11.jar:/home/pedro/.m2/repository/org/hibernate/validator/hibernate-validator/8.0.1.Final/hibernate-validator-8.0.1.Final.jar:/home/pedro/.m2/repository/jakarta/validation/jakarta.validation-api/3.0.2/jakarta.validation-api-3.0.2.jar:/home/pedro/.m2/repository/org/projectlombok/lombok/1.18.28/lombok-1.18.28.jar:/home/pedro/.m2/repository/org/springframework/boot/spring-boot-starter-test/3.1.2/spring-boot-starter-test-3.1.2.jar:/home/pedro/.m2/repository/org/springframework/boot/spring-boot-test/3.1.2/spring-boot-test-3.1.2.jar:/home/pedro/.m2/repository/org/springframework/boot/spring-boot-test-autoconfigure/3.1.2/spring-boot-test-autoconfigure-3.1.2.jar:/home/pedro/.m2/repository/com/jayway/jsonpath/json-path/2.8.0/json-path-2.8.0.jar:/home/pedro/.m2/repository/jakarta/xml/bind/jakarta.xml.bind-api/4.0.0/jakarta.xml.bind-api-4.0.0.jar:/home/pedro/.m2/repository/jakarta/activation/jakarta.activation-api/2.1.2/jakarta.activation-api-2.1.2.jar:/home/pedro/.m2/repository/net/minidev/json-smart/2.4.11/json-smart-2.4.11.jar:/home/pedro/.m2/repository/net/minidev/accessors-smart/2.4.11/accessors-smart-2.4.11.jar:/home/pedro/.m2/repository/org/ow2/asm/asm/9.3/asm-9.3.jar:/home/pedro/.m2/repository/org/assertj/assertj-core/3.24.2/assertj-core-3.24.2.jar:/home/pedro/.m2/repository/org/hamcrest/hamcrest/2.2/hamcrest-2.2.jar:/home/pedro/.m2/repository/org/junit/jupiter/junit-jupiter/5.9.3/junit-jupiter-5.9.3.jar:/home/pedro/.m2/repository/org/junit/jupiter/junit-jupiter-api/5.9.3/junit-jupiter-api-5.9.3.jar:/home/pedro/.m2/repository/org/opentest4j/opentest4j/1.2.0/opentest4j-1.2.0.jar:/home/pedro/.m2/repository/org/junit/platform/junit-platform-commons/1.9.3/junit-platform-commons-1.9.3.jar:/home/pedro/.m2/repository/org/apiguardian/apiguardian-api/1.1.2/apiguardian-api-1.1.2.jar:/home/pedro/.m2/repository/org/junit/jupiter/junit-jupiter-params/5.9.3/junit-jupiter-params-5.9.3.jar:/home/pedro/.m2/repository/org/junit/jupiter/junit-jupiter-engine/5.9.3/junit-jupiter-engine-5.9.3.jar:/home/pedro/.m2/repository/org/junit/platform/junit-platform-engine/1.9.3/junit-platform-engine-1.9.3.jar:/home/pedro/.m2/repository/org/mockito/mockito-core/5.3.1/mockito-core-5.3.1.jar:/home/pedro/.m2/repository/net/bytebuddy/byte-buddy-agent/1.14.5/byte-buddy-agent-1.14.5.jar:/home/pedro/.m2/repository/org/objenesis/objenesis/3.3/objenesis-3.3.jar:/home/pedro/.m2/repository/org/mockito/mockito-junit-jupiter/5.3.1/mockito-junit-jupiter-5.3.1.jar:/home/pedro/.m2/repository/org/skyscreamer/jsonassert/1.5.1/jsonassert-1.5.1.jar:/home/pedro/.m2/repository/com/vaadin/external/google/android-json/0.0.20131108.vaadin1/android-json-0.0.20131108.vaadin1.jar:/home/pedro/.m2/repository/org/springframework/spring-core/6.0.11/spring-core-6.0.11.jar:/home/pedro/.m2/repository/org/springframework/spring-jcl/6.0.11/spring-jcl-6.0.11.jar:/home/pedro/.m2/repository/org/springframework/spring-test/6.0.11/spring-test-6.0.11.jar:/home/pedro/.m2/repository/org/xmlunit/xmlunit-core/2.9.1/xmlunit-core-2.9.1.jar:/home/pedro/.m2/repository/com/querydsl/querydsl-apt/5.0.0/querydsl-apt-5.0.0-jakarta.jar:/home/pedro/.m2/repository/com/querydsl/querydsl-codegen/5.0.0/querydsl-codegen-5.0.0.jar:/home/pedro/.m2/repository/com/querydsl/codegen-utils/5.0.0/codegen-utils-5.0.0.jar:/home/pedro/.m2/repository/org/eclipse/jdt/ecj/3.26.0/ecj-3.26.0.jar:/home/pedro/.m2/repository/javax/inject/javax.inject/1/javax.inject-1.jar:/home/pedro/.m2/repository/io/github/classgraph/classgraph/4.8.108/classgraph-4.8.108.jar:/home/pedro/.m2/repository/com/querydsl/querydsl-jpa/5.0.0/querydsl-jpa-5.0.0-jakarta.jar:/home/pedro/.m2/repository/com/querydsl/querydsl-core/5.0.0/querydsl-core-5.0.0.jar:/home/pedro/.m2/repository/com/mysema/commons/mysema-commons-lang/0.2.4/mysema-commons-lang-0.2.4.jar:/home/pedro/.m2/repository/org/mapstruct/mapstruct/1.5.5.Final/mapstruct-1.5.5.Final.jar:/home/pedro/.m2/repository/org/testcontainers/testcontainers/1.18.1/testcontainers-1.18.1.jar:/home/pedro/.m2/repository/junit/junit/4.13.2/junit-4.13.2.jar:/home/pedro/.m2/repository/org/hamcrest/hamcrest-core/2.2/hamcrest-core-2.2.jar:/home/pedro/.m2/repository/org/slf4j/slf4j-api/2.0.7/slf4j-api-2.0.7.jar:/home/pedro/.m2/repository/org/apache/commons/commons-compress/1.23.0/commons-compress-1.23.0.jar:/home/pedro/.m2/repository/org/rnorth/duct-tape/duct-tape/1.0.8/duct-tape-1.0.8.jar:/home/pedro/.m2/repository/org/jetbrains/annotations/17.0.0/annotations-17.0.0.jar:/home/pedro/.m2/repository/com/github/docker-java/docker-java-api/3.3.0/docker-java-api-3.3.0.jar:/home/pedro/.m2/repository/com/fasterxml/jackson/core/jackson-annotations/2.15.2/jackson-annotations-2.15.2.jar:/home/pedro/.m2/repository/com/github/docker-java/docker-java-transport-zerodep/3.3.0/docker-java-transport-zerodep-3.3.0.jar:/home/pedro/.m2/repository/com/github/docker-java/docker-java-transport/3.3.0/docker-java-transport-3.3.0.jar:/home/pedro/.m2/repository/net/java/dev/jna/jna/5.12.1/jna-5.12.1.jar:/home/pedro/.m2/repository/org/testcontainers/mysql/1.18.1/mysql-1.18.1.jar:/home/pedro/.m2/repository/org/testcontainers/jdbc/1.18.3/jdbc-1.18.3.jar:/home/pedro/.m2/repository/org/testcontainers/database-commons/1.18.3/database-commons-1.18.3.jar:/home/pedro/.m2/repository/org/testcontainers/junit-jupiter/1.18.1/junit-jupiter-1.18.1.jar:"/>
    <property name="sun.cpu.endian" value="little"/>
    <property name="user.home" value="/home/pedro"/>
    <property name="user.language" value="pt"/>
    <property name="java.specification.vendor" value="Oracle Corporation"/>
    <property name="java.version.date" value="2023-07-18"/>
    <property name="java.home" value="/usr/lib/jvm/java-17-openjdk-amd64"/>
    <property name="file.separator" value="/"/>
    <property name="basedir" value="/home/pedro/Sekunds/aries-api-products"/>
    <property name="java.vm.compressedOopsMode" value="Zero based"/>
    <property name="line.separator" value="&#10;"/>
    <property name="java.specification.name" value="Java Platform API Specification"/>
    <property name="java.vm.specification.vendor" value="Oracle Corporation"/>
    <property name="FILE_LOG_CHARSET" value="UTF-8"/>
    <property name="java.awt.headless" value="true"/>
    <property name="surefire.real.class.path" value="/home/pedro/Sekunds/aries-api-products/target/surefire/surefirebooter-20230821212326231_3.jar"/>
    <property name="sun.management.compiler" value="HotSpot 64-Bit Tiered Compilers"/>
    <property name="java.runtime.version" value="17.0.8+7-Ubuntu-122.04"/>
    <property name="user.name" value="pedro"/>
    <property name="path.separator" value=":"/>
    <property name="os.version" value="6.0.12-76060006-generic"/>
    <property name="java.runtime.name" value="OpenJDK Runtime Environment"/>
    <property name="file.encoding" value="UTF-8"/>
    <property name="java.vm.name" value="OpenJDK 64-Bit Server VM"/>
    <property name="localRepository" value="/home/pedro/.m2/repository"/>
    <property name="java.vendor.url.bug" value="Unknown"/>
    <property name="java.io.tmpdir" value="/tmp"/>
    <property name="catalina.home" value="/tmp/tomcat.0.10147415043879167000"/>
    <property name="java.version" value="17.0.8"/>
    <property name="user.dir" value="/home/pedro/Sekunds/aries-api-products"/>
    <property name="os.arch" value="amd64"/>
    <property name="java.vm.specification.name" value="Java Virtual Machine Specification"/>
    <property name="PID" value="24530"/>
    <property name="CONSOLE_LOG_CHARSET" value="UTF-8"/>
    <property name="catalina.base" value="/tmp/tomcat.0.11435328799983395070"/>
    <property name="native.encoding" value="UTF-8"/>
    <property name="java.library.path" value="/usr/java/packages/lib:/usr/lib/x86_64-linux-gnu/jni:/lib/x86_64-linux-gnu:/usr/lib/x86_64-linux-gnu:/usr/lib/jni:/lib:/usr/lib"/>
    <property name="java.vm.info" value="mixed mode, sharing"/>
    <property name="java.vendor" value="Private Build"/>
    <property name="java.vm.version" value="17.0.8+7-Ubuntu-122.04"/>
    <property name="sun.io.unicode.encoding" value="UnicodeLittle"/>
    <property name="java.class.version" value="61.0"/>
  </properties>
  <testcase name="getPageCategoryTest" classname="br.com.pedro.dev.ariesapiproducts.repositories.ProductRepositoryTest" time="0.031">
    <system-out><![CDATA[2023-08-21T21:23:50.927-03:00  INFO 24530 --- [           main] tc.mysql:8.0.26                          : Creating container for image: mysql:8.0.26
2023-08-21T21:23:50.983-03:00  INFO 24530 --- [           main] tc.mysql:8.0.26                          : Container mysql:8.0.26 is starting: 129fbc7e71a1bfcbbd98129b102ab795deb1d188d404b55c08734d121475bbb9
2023-08-21T21:23:51.300-03:00  INFO 24530 --- [           main] tc.mysql:8.0.26                          : Waiting for database connection to become available at jdbc:mysql://localhost:32779/testdb using query 'SELECT 1'
2023-08-21T21:24:01.018-03:00  INFO 24530 --- [           main] tc.mysql:8.0.26                          : Container mysql:8.0.26 started in PT10.090802046S
2023-08-21T21:24:01.018-03:00  INFO 24530 --- [           main] tc.mysql:8.0.26                          : Container is started (JDBC URL: jdbc:mysql://localhost:32779/testdb)
2023-08-21T21:24:01.020-03:00  INFO 24530 --- [           main] t.c.s.AnnotationConfigContextLoaderUtils : Could not detect default configuration classes for test class [br.com.pedro.dev.ariesapiproducts.repositories.ProductRepositoryTest]: ProductRepositoryTest does not declare any static, non-private, non-final, nested classes annotated with @Configuration.
2023-08-21T21:24:01.022-03:00  INFO 24530 --- [           main] .b.t.c.SpringBootTestContextBootstrapper : Found @SpringBootConfiguration br.com.pedro.dev.ariesapiproducts.AriesApiProductsApplication for test class br.com.pedro.dev.ariesapiproducts.repositories.ProductRepositoryTest

  .   ____          _            __ _ _
 /\\ / ___'_ __ _ _(_)_ __  __ _ \ \ \ \
( ( )\___ | '_ | '_| | '_ \/ _` | \ \ \ \
 \\/  ___)| |_)| | | | | || (_| |  ) ) ) )
  '  |____| .__|_| |_|_| |_\__, | / / / /
 =========|_|==============|___/=/_/_/_/
 :: Spring Boot ::                (v3.1.2)

2023-08-21T21:24:01.047-03:00  INFO 24530 --- [           main] b.c.p.d.a.r.ProductRepositoryTest        : Starting ProductRepositoryTest using Java 17.0.8 with PID 24530 (started by pedro in /home/pedro/Sekunds/aries-api-products)
2023-08-21T21:24:01.048-03:00  INFO 24530 --- [           main] b.c.p.d.a.r.ProductRepositoryTest        : No active profile set, falling back to 1 default profile: "default"
2023-08-21T21:24:01.121-03:00  INFO 24530 --- [           main] .s.d.r.c.RepositoryConfigurationDelegate : Bootstrapping Spring Data JPA repositories in DEFAULT mode.
2023-08-21T21:24:01.128-03:00  INFO 24530 --- [           main] .s.d.r.c.RepositoryConfigurationDelegate : Finished Spring Data repository scanning in 6 ms. Found 2 JPA repository interfaces.
2023-08-21T21:24:01.161-03:00  INFO 24530 --- [           main] o.s.b.w.embedded.tomcat.TomcatWebServer  : Tomcat initialized with port(s): 0 (http)
2023-08-21T21:24:01.161-03:00  INFO 24530 --- [           main] o.apache.catalina.core.StandardService   : Starting service [Tomcat]
2023-08-21T21:24:01.162-03:00  INFO 24530 --- [           main] o.apache.catalina.core.StandardEngine    : Starting Servlet engine: [Apache Tomcat/10.1.11]
2023-08-21T21:24:01.169-03:00  INFO 24530 --- [           main] o.a.c.c.C.[Tomcat-2].[localhost].[/]     : Initializing Spring embedded WebApplicationContext
2023-08-21T21:24:01.169-03:00  INFO 24530 --- [           main] w.s.c.ServletWebServerApplicationContext : Root WebApplicationContext: initialization completed in 119 ms
2023-08-21T21:24:01.186-03:00  INFO 24530 --- [           main] com.zaxxer.hikari.HikariDataSource       : HikariConnectionPoolAriesProducts - Starting...
2023-08-21T21:24:01.194-03:00  INFO 24530 --- [           main] com.zaxxer.hikari.pool.HikariPool        : HikariConnectionPoolAriesProducts - Added connection com.mysql.cj.jdbc.ConnectionImpl@1a6d072e
2023-08-21T21:24:01.195-03:00  INFO 24530 --- [           main] com.zaxxer.hikari.HikariDataSource       : HikariConnectionPoolAriesProducts - Start completed.
2023-08-21T21:24:01.196-03:00  INFO 24530 --- [           main] o.hibernate.jpa.internal.util.LogHelper  : HHH000204: Processing PersistenceUnitInfo [name: default]
2023-08-21T21:24:01.199-03:00  INFO 24530 --- [           main] o.h.b.i.BytecodeProviderInitiator        : HHH000021: Bytecode provider name : bytebuddy
2023-08-21T21:24:01.199-03:00  INFO 24530 --- [           main] o.s.o.j.p.SpringPersistenceUnitInfo      : No LoadTimeWeaver setup: ignoring JPA class transformer
2023-08-21T21:24:01.206-03:00  INFO 24530 --- [           main] o.h.b.i.BytecodeProviderInitiator        : HHH000021: Bytecode provider name : bytebuddy
2023-08-21T21:24:01.237-03:00  INFO 24530 --- [           main] o.h.e.t.j.p.i.JtaPlatformInitiator       : HHH000490: Using JtaPlatform implementation: [org.hibernate.engine.transaction.jta.platform.internal.NoJtaPlatform]
2023-08-21T21:24:01.238-03:00  INFO 24530 --- [           main] j.LocalContainerEntityManagerFactoryBean : Initialized JPA EntityManagerFactory for persistence unit 'default'
2023-08-21T21:24:01.415-03:00  INFO 24530 --- [           main] o.s.b.w.embedded.tomcat.TomcatWebServer  : Tomcat started on port(s): 35853 (http) with context path ''
2023-08-21T21:24:01.417-03:00  INFO 24530 --- [           main] b.c.p.d.a.r.ProductRepositoryTest        : Started ProductRepositoryTest in 0.39 seconds (process running for 35.146)
Hibernate: 
    insert 
    into
        categorias
        (ativo,dhc,dhu,nome) 
    values
        (?,?,?,?)
Hibernate: 
    insert 
    into
        produtos
        (ativo,categoria_id,descricao,dhc,dhu,nome,preco,estoque) 
    values
        (?,?,?,?,?,?,?,?)
Hibernate: 
    select
        p1_0.id,
        p1_0.ativo,
        p1_0.categoria_id,
        p1_0.descricao,
        p1_0.dhc,
        p1_0.dhu,
        p1_0.nome,
        p1_0.preco,
        p1_0.estoque 
    from
        produtos p1_0 limit ?,
        ?
Hibernate: 
    select
        p1_0.id,
        p1_0.ativo,
        p1_0.categoria_id,
        p1_0.descricao,
        p1_0.dhc,
        p1_0.dhu,
        p1_0.nome,
        p1_0.preco,
        p1_0.estoque 
    from
        produtos p1_0
Hibernate: 
    delete 
    from
        produtos 
    where
        id=?
]]></system-out>
  </testcase>
  <testcase name="getPageCategoryFilterByNameAndStatusTest" classname="br.com.pedro.dev.ariesapiproducts.repositories.ProductRepositoryTest" time="0.028">
    <system-out><![CDATA[Hibernate: 
    insert 
    into
        categorias
        (ativo,dhc,dhu,nome) 
    values
        (?,?,?,?)
Hibernate: 
    insert 
    into
        produtos
        (ativo,categoria_id,descricao,dhc,dhu,nome,preco,estoque) 
    values
        (?,?,?,?,?,?,?,?)
Hibernate: 
    select
        p1_0.id,
        p1_0.ativo,
        p1_0.categoria_id,
        p1_0.descricao,
        p1_0.dhc,
        p1_0.dhu,
        p1_0.nome,
        p1_0.preco,
        p1_0.estoque 
    from
        produtos p1_0 
    where
        p1_0.nome=? 
        and p1_0.preco between ? and ? 
        and p1_0.categoria_id=? 
        and p1_0.estoque>=? 
        and p1_0.ativo=? limit ?,?
Hibernate: 
    select
        p1_0.id,
        p1_0.ativo,
        p1_0.categoria_id,
        p1_0.descricao,
        p1_0.dhc,
        p1_0.dhu,
        p1_0.nome,
        p1_0.preco,
        p1_0.estoque 
    from
        produtos p1_0
Hibernate: 
    delete 
    from
        produtos 
    where
        id=?
]]></system-out>
  </testcase>
  <testcase name="updateCategoryByIdTest" classname="br.com.pedro.dev.ariesapiproducts.repositories.ProductRepositoryTest" time="0.024">
    <system-out><![CDATA[Hibernate: 
    insert 
    into
        categorias
        (ativo,dhc,dhu,nome) 
    values
        (?,?,?,?)
Hibernate: 
    insert 
    into
        categorias
        (ativo,dhc,dhu,nome) 
    values
        (?,?,?,?)
Hibernate: 
    insert 
    into
        produtos
        (ativo,categoria_id,descricao,dhc,dhu,nome,preco,estoque) 
    values
        (?,?,?,?,?,?,?,?)
Hibernate: 
    select
        p1_0.id,
        p1_0.ativo,
        p1_0.categoria_id,
        p1_0.descricao,
        p1_0.dhc,
        p1_0.dhu,
        p1_0.nome,
        p1_0.preco,
        p1_0.estoque 
    from
        produtos p1_0 
    where
        p1_0.id=?
Hibernate: 
    update
        produtos 
    set
        ativo=?,
        categoria_id=?,
        descricao=?,
        dhc=?,
        dhu=?,
        nome=?,
        preco=?,
        estoque=? 
    where
        id=?
2023-08-21T21:24:01.497-03:00  INFO 24530 --- [           main] b.c.p.d.a.r.ProductRepositoryTest        : categorySaved: 3, categorySaved2: 4
Hibernate: 
    select
        p1_0.id,
        p1_0.ativo,
        p1_0.categoria_id,
        p1_0.descricao,
        p1_0.dhc,
        p1_0.dhu,
        p1_0.nome,
        p1_0.preco,
        p1_0.estoque 
    from
        produtos p1_0
Hibernate: 
    delete 
    from
        produtos 
    where
        id=?
]]></system-out>
  </testcase>
  <testcase name="getListCategoryFilterByNameTest" classname="br.com.pedro.dev.ariesapiproducts.repositories.ProductRepositoryTest" time="0.02">
    <system-out><![CDATA[Hibernate: 
    insert 
    into
        categorias
        (ativo,dhc,dhu,nome) 
    values
        (?,?,?,?)
Hibernate: 
    insert 
    into
        produtos
        (ativo,categoria_id,descricao,dhc,dhu,nome,preco,estoque) 
    values
        (?,?,?,?,?,?,?,?)
Hibernate: 
    select
        p1_0.id,
        p1_0.ativo,
        p1_0.categoria_id,
        p1_0.descricao,
        p1_0.dhc,
        p1_0.dhu,
        p1_0.nome,
        p1_0.preco,
        p1_0.estoque 
    from
        produtos p1_0 
    where
        p1_0.nome=?
Hibernate: 
    select
        p1_0.id,
        p1_0.ativo,
        p1_0.categoria_id,
        p1_0.descricao,
        p1_0.dhc,
        p1_0.dhu,
        p1_0.nome,
        p1_0.preco,
        p1_0.estoque 
    from
        produtos p1_0
Hibernate: 
    delete 
    from
        produtos 
    where
        id=?
]]></system-out>
  </testcase>
  <testcase name="getPageCategoryFilterByNameTest" classname="br.com.pedro.dev.ariesapiproducts.repositories.ProductRepositoryTest" time="0.018">
    <system-out><![CDATA[Hibernate: 
    insert 
    into
        categorias
        (ativo,dhc,dhu,nome) 
    values
        (?,?,?,?)
Hibernate: 
    insert 
    into
        produtos
        (ativo,categoria_id,descricao,dhc,dhu,nome,preco,estoque) 
    values
        (?,?,?,?,?,?,?,?)
Hibernate: 
    select
        p1_0.id,
        p1_0.ativo,
        p1_0.categoria_id,
        p1_0.descricao,
        p1_0.dhc,
        p1_0.dhu,
        p1_0.nome,
        p1_0.preco,
        p1_0.estoque 
    from
        produtos p1_0 
    where
        p1_0.nome=? limit ?,?
Hibernate: 
    select
        p1_0.id,
        p1_0.ativo,
        p1_0.categoria_id,
        p1_0.descricao,
        p1_0.dhc,
        p1_0.dhu,
        p1_0.nome,
        p1_0.preco,
        p1_0.estoque 
    from
        produtos p1_0
Hibernate: 
    delete 
    from
        produtos 
    where
        id=?
]]></system-out>
  </testcase>
  <testcase name="getCategoryByIdTest" classname="br.com.pedro.dev.ariesapiproducts.repositories.ProductRepositoryTest" time="0.015">
    <system-out><![CDATA[Hibernate: 
    insert 
    into
        categorias
        (ativo,dhc,dhu,nome) 
    values
        (?,?,?,?)
Hibernate: 
    insert 
    into
        produtos
        (ativo,categoria_id,descricao,dhc,dhu,nome,preco,estoque) 
    values
        (?,?,?,?,?,?,?,?)
Hibernate: 
    select
        p1_0.id,
        p1_0.ativo,
        p1_0.categoria_id,
        p1_0.descricao,
        p1_0.dhc,
        p1_0.dhu,
        p1_0.nome,
        p1_0.preco,
        p1_0.estoque 
    from
        produtos p1_0 
    where
        p1_0.id=?
Hibernate: 
    select
        p1_0.id,
        p1_0.ativo,
        p1_0.categoria_id,
        p1_0.descricao,
        p1_0.dhc,
        p1_0.dhu,
        p1_0.nome,
        p1_0.preco,
        p1_0.estoque 
    from
        produtos p1_0
Hibernate: 
    delete 
    from
        produtos 
    where
        id=?
]]></system-out>
  </testcase>
  <testcase name="getCategoryByIdInvalidTest" classname="br.com.pedro.dev.ariesapiproducts.repositories.ProductRepositoryTest" time="0.005">
    <system-out><![CDATA[Hibernate: 
    select
        p1_0.id,
        p1_0.ativo,
        p1_0.categoria_id,
        p1_0.descricao,
        p1_0.dhc,
        p1_0.dhu,
        p1_0.nome,
        p1_0.preco,
        p1_0.estoque 
    from
        produtos p1_0 
    where
        p1_0.id=?
Hibernate: 
    select
        p1_0.id,
        p1_0.ativo,
        p1_0.categoria_id,
        p1_0.descricao,
        p1_0.dhc,
        p1_0.dhu,
        p1_0.nome,
        p1_0.preco,
        p1_0.estoque 
    from
        produtos p1_0
]]></system-out>
  </testcase>
  <testcase name="getListCategoryTest" classname="br.com.pedro.dev.ariesapiproducts.repositories.ProductRepositoryTest" time="0.019">
    <system-out><![CDATA[Hibernate: 
    insert 
    into
        categorias
        (ativo,dhc,dhu,nome) 
    values
        (?,?,?,?)
Hibernate: 
    insert 
    into
        produtos
        (ativo,categoria_id,descricao,dhc,dhu,nome,preco,estoque) 
    values
        (?,?,?,?,?,?,?,?)
Hibernate: 
    select
        p1_0.id,
        p1_0.ativo,
        p1_0.categoria_id,
        p1_0.descricao,
        p1_0.dhc,
        p1_0.dhu,
        p1_0.nome,
        p1_0.preco,
        p1_0.estoque 
    from
        produtos p1_0
Hibernate: 
    select
        p1_0.id,
        p1_0.ativo,
        p1_0.categoria_id,
        p1_0.descricao,
        p1_0.dhc,
        p1_0.dhu,
        p1_0.nome,
        p1_0.preco,
        p1_0.estoque 
    from
        produtos p1_0
Hibernate: 
    delete 
    from
        produtos 
    where
        id=?
]]></system-out>
  </testcase>
  <testcase name="getListCategoryFilterByNameAndStatusTest" classname="br.com.pedro.dev.ariesapiproducts.repositories.ProductRepositoryTest" time="0.016">
    <system-out><![CDATA[Hibernate: 
    insert 
    into
        categorias
        (ativo,dhc,dhu,nome) 
    values
        (?,?,?,?)
Hibernate: 
    insert 
    into
        produtos
        (ativo,categoria_id,descricao,dhc,dhu,nome,preco,estoque) 
    values
        (?,?,?,?,?,?,?,?)
Hibernate: 
    select
        p1_0.id,
        p1_0.ativo,
        p1_0.categoria_id,
        p1_0.descricao,
        p1_0.dhc,
        p1_0.dhu,
        p1_0.nome,
        p1_0.preco,
        p1_0.estoque 
    from
        produtos p1_0 
    where
        p1_0.nome=? 
        and p1_0.preco between ? and ? 
        and p1_0.categoria_id=? 
        and p1_0.estoque>=? 
        and p1_0.ativo=?
Hibernate: 
    select
        p1_0.id,
        p1_0.ativo,
        p1_0.categoria_id,
        p1_0.descricao,
        p1_0.dhc,
        p1_0.dhu,
        p1_0.nome,
        p1_0.preco,
        p1_0.estoque 
    from
        produtos p1_0
Hibernate: 
    delete 
    from
        produtos 
    where
        id=?
]]></system-out>
  </testcase>
</testsuite>